<?xml version="1.0" encoding="UTF-8"?>
<!-- Generated by org.testng.reporters.JUnitReportReporter -->
<testsuite hostname="DESKTOP-PHM1FPO" failures="0" tests="4" name="testng.priority" time="0.018" errors="0" timestamp="2024-10-11T02:14:44 IST" skipped="0">
  <testcase classname="testng.priority" name="maven" time="0.014"/>
  <system-out/>
  <testcase classname="testng.priority" name="api" time="0.001"/>
  <system-out/>
  <testcase classname="testng.priority" name="sql" time="0.002"/>
  <system-out/>
  <testcase classname="testng.priority" name="bi" time="0.001"/>
  <system-out/>
</testsuite> <!-- testng.priority -->
