<?xml version="1.0" encoding="UTF-8"?>
<!-- Generated by org.testng.reporters.JUnitReportReporter -->
<testsuite hostname="DESKTOP-PHM1FPO" failures="0" tests="5" name="testng.invocation" time="0.011" errors="0" timestamp="2025-02-14T14:40:21 IST" skipped="1">
  <testcase classname="testng.invocation" name="maven" time="0.000"/>
  <system-out/>
  <testcase classname="testng.invocation" name="maven" time="0.001"/>
  <system-out/>
  <testcase classname="testng.invocation" name="maven" time="0.001"/>
  <system-out/>
  <testcase classname="testng.invocation" name="maven" time="0.009"/>
  <system-out/>
  <testcase classname="testng.invocation" name="java">
    <skipped/>
  </testcase> <!-- java -->
  <system-out/>
</testsuite> <!-- testng.invocation -->
