<?xml version="1.0" encoding="UTF-8"?>
<!-- Generated by org.testng.reporters.JUnitReportReporter -->
<testsuite hostname="DESKTOP-PHM1FPO" failures="0" tests="1" name="testng.main" time="7.968" errors="0" timestamp="2024-10-26T18:11:25 IST" skipped="0">
  <testcase classname="testng.main" name="testlogin" time="7.968"/>
  <system-out/>
</testsuite> <!-- testng.main -->
