<?xml version="1.0" encoding="UTF-8"?>
<!-- Generated by org.testng.reporters.JUnitReportReporter -->
<testsuite hostname="DESKTOP-PHM1FPO" failures="0" tests="1" name="framework.TC_Login" time="0.693" errors="0" timestamp="2024-10-19T15:04:30 IST" skipped="0">
  <testcase classname="framework.TC_Login" name="login" time="0.693"/>
  <system-out/>
</testsuite> <!-- framework.TC_Login -->
