<?xml version="1.0" encoding="UTF-8"?>
<!-- Generated by org.testng.reporters.JUnitReportReporter -->
<testsuite hostname="DESKTOP-PHM1FPO" failures="0" tests="1" name="framework.Readfig" time="0.010" errors="0" timestamp="2024-10-19T02:09:08 IST" skipped="0">
  <testcase classname="framework.Readfig" name="getApplicationUrl" time="0.010"/>
  <system-out/>
</testsuite> <!-- framework.Readfig -->
