<?xml version="1.0" encoding="UTF-8"?>
<!-- Generated by org.testng.reporters.JUnitReportReporter -->
<testsuite hostname="DESKTOP-PHM1FPO" failures="0" tests="1" name="testng.annotation" time="0.007" errors="0" timestamp="2025-01-31T16:32:39 IST" skipped="0">
  <testcase classname="testng.annotation" name="method5" time="0.007"/>
  <system-out/>
</testsuite> <!-- testng.annotation -->
